2013-05-13 22:29:36 Warning: Warning (512): <span style="color:Red;text-align:left"><b>Erro:</b> 1054: Unknown column 'Group.reference' in 'where clause'</span> in [/var/www/codigos/cakephp/cake/libs/model/datasources/dbo_source.php, line 684]
2013-05-13 22:29:36 Warning: Warning (2): Invalid argument supplied for foreach() in [/var/www/jobs/petcare/veterinario/controllers/home_controller.php, line 70]
2013-05-13 22:29:36 Warning: Warning (2): Invalid argument supplied for foreach() in [/var/www/jobs/petcare/veterinario/controllers/home_controller.php, line 103]
2013-05-14 00:38:12 Warning: Warning (512): Método CommonsHelper::formata_nome não existe in [/var/www/codigos/cakephp/cake/libs/view/helper.php, line 154]
2013-05-14 04:24:23 Warning: Warning (512): <span style="color:Red;text-align:left"><b>Erro:</b> 1054: Unknown column 'User.activation_code' in 'where clause'</span> in [/var/www/codigos/cakephp/cake/libs/model/datasources/dbo_source.php, line 684]
2013-05-14 04:24:23 Warning: Warning (2): Invalid argument supplied for foreach() in [/var/www/jobs/petcare/veterinario/models/user.php, line 86]
2013-05-14 04:35:35 Warning: Warning (512): Método FormHelper::link não existe in [/var/www/codigos/cakephp/cake/libs/view/helper.php, line 154]
2013-05-29 15:37:06 Warning: Warning (2): mysql_connect() [http://php.net/function.mysql-connect]: Can't connect to MySQL server on 'festaonline.net' (4) in [/var/www/codigos/cakephp/cake/libs/model/datasources/dbo/dbo_mysql.php, line 561]
2013-05-29 15:37:06 Warning: Warning (2): mysql_select_db() expects parameter 2 to be resource, boolean given in [/var/www/codigos/cakephp/cake/libs/model/datasources/dbo/dbo_mysql.php, line 567]
2013-05-29 15:37:06 Warning: Warning (2): mysql_get_server_info() expects parameter 1 to be resource, boolean given in [/var/www/codigos/cakephp/cake/libs/model/datasources/dbo/dbo_mysql.php, line 575]
2013-05-29 15:37:06 Warning: Warning (2): mysql_query() expects parameter 2 to be resource, boolean given in [/var/www/codigos/cakephp/cake/libs/model/datasources/dbo/dbo_mysql.php, line 609]
2013-05-29 15:37:06 Warning: Warning (2): Cannot modify header information - headers already sent by (output started at /var/www/codigos/cakephp/cake/libs/debugger.php:673) in [/var/www/codigos/cakephp/cake/libs/controller/controller.php, line 742]
2013-05-29 15:38:07 Warning: Warning (2): mysql_connect() [http://php.net/function.mysql-connect]: Can't connect to MySQL server on 'festaonline.net' (4) in [/var/www/codigos/cakephp/cake/libs/model/datasources/dbo/dbo_mysql.php, line 561]
2013-05-29 15:38:07 Warning: Warning (2): mysql_select_db() expects parameter 2 to be resource, boolean given in [/var/www/codigos/cakephp/cake/libs/model/datasources/dbo/dbo_mysql.php, line 567]
2013-05-29 15:38:07 Warning: Warning (2): mysql_get_server_info() expects parameter 1 to be resource, boolean given in [/var/www/codigos/cakephp/cake/libs/model/datasources/dbo/dbo_mysql.php, line 575]
2013-05-29 15:38:07 Warning: Warning (2): mysql_query() expects parameter 2 to be resource, boolean given in [/var/www/codigos/cakephp/cake/libs/model/datasources/dbo/dbo_mysql.php, line 609]
2013-05-29 15:38:07 Warning: Warning (2): Cannot modify header information - headers already sent by (output started at /var/www/codigos/cakephp/cake/libs/debugger.php:673) in [/var/www/codigos/cakephp/cake/libs/controller/controller.php, line 742]
2013-05-30 01:56:51 Warning: Warning (2): array_merge() [http://php.net/function.array-merge]: Argument #1 is not an array in [/var/www/codigos/cakephp/cake/libs/view/helpers/paginator.php, line 194]
2013-05-30 01:56:51 Warning: Warning (2): array_merge() [http://php.net/function.array-merge]: Argument #1 is not an array in [/var/www/codigos/cakephp/cake/libs/view/helpers/paginator.php, line 378]
2013-05-30 01:56:51 Warning: Warning (2): Invalid argument supplied for foreach() in [/var/www/jobs/lurch/views/convidados/admin_add.ctp, line 34]
2013-06-10 12:56:18 Warning: Warning (512): Método CommonsHelper::formata_nome não existe in [/var/www/codigos/cakephp/cake/libs/view/helper.php, line 154]
2013-06-10 15:31:46 Warning: Warning (2): Cannot modify header information - headers already sent by (output started at /var/www/codigos/cakephp/cake/libs/debugger.php:673) in [/var/www/codigos/cakephp/cake/libs/controller/controller.php, line 742]
2013-06-10 15:33:36 Warning: Warning (2): Cannot modify header information - headers already sent by (output started at /var/www/codigos/cakephp/cake/libs/debugger.php:673) in [/var/www/codigos/cakephp/cake/libs/controller/controller.php, line 742]
2013-08-23 16:59:15 Warning: Warning (2): mysql_connect() [http://php.net/function.mysql-connect]: Can't connect to MySQL server on 'festaonline.net' (4) in [/var/www/codigos/cakephp/cake/libs/model/datasources/dbo/dbo_mysql.php, line 561]
2013-08-23 16:59:15 Warning: Warning (2): mysql_select_db() expects parameter 2 to be resource, boolean given in [/var/www/codigos/cakephp/cake/libs/model/datasources/dbo/dbo_mysql.php, line 567]
2013-08-23 16:59:15 Warning: Warning (2): mysql_get_server_info() expects parameter 1 to be resource, boolean given in [/var/www/codigos/cakephp/cake/libs/model/datasources/dbo/dbo_mysql.php, line 575]
2013-08-23 16:59:15 Warning: Warning (2): mysql_query() expects parameter 2 to be resource, boolean given in [/var/www/codigos/cakephp/cake/libs/model/datasources/dbo/dbo_mysql.php, line 609]
2013-08-23 16:59:15 Warning: Warning (2): Cannot modify header information - headers already sent by (output started at /var/www/codigos/cakephp/cake/libs/debugger.php:673) in [/var/www/codigos/cakephp/cake/libs/controller/controller.php, line 742]
2013-08-23 17:02:24 Warning: Warning (2): mysql_connect() [http://php.net/function.mysql-connect]: Can't connect to MySQL server on 'festaonline.net' (4) in [/var/www/codigos/cakephp/cake/libs/model/datasources/dbo/dbo_mysql.php, line 561]
2013-08-23 17:02:24 Warning: Warning (2): mysql_select_db() expects parameter 2 to be resource, boolean given in [/var/www/codigos/cakephp/cake/libs/model/datasources/dbo/dbo_mysql.php, line 567]
2013-08-23 17:02:24 Warning: Warning (2): mysql_get_server_info() expects parameter 1 to be resource, boolean given in [/var/www/codigos/cakephp/cake/libs/model/datasources/dbo/dbo_mysql.php, line 575]
2013-08-23 17:02:24 Warning: Warning (2): mysql_query() expects parameter 2 to be resource, boolean given in [/var/www/codigos/cakephp/cake/libs/model/datasources/dbo/dbo_mysql.php, line 609]
2013-08-23 17:02:24 Warning: Warning (2): Cannot modify header information - headers already sent by (output started at /var/www/codigos/cakephp/cake/libs/debugger.php:673) in [/var/www/codigos/cakephp/cake/libs/controller/controller.php, line 742]
2013-08-23 17:08:24 Warning: Warning (2): mysql_connect() [http://php.net/function.mysql-connect]: Can't connect to MySQL server on 'festaonline.net' (4) in [/var/www/codigos/cakephp/cake/libs/model/datasources/dbo/dbo_mysql.php, line 561]
2013-08-23 17:08:24 Warning: Warning (2): mysql_select_db() expects parameter 2 to be resource, boolean given in [/var/www/codigos/cakephp/cake/libs/model/datasources/dbo/dbo_mysql.php, line 567]
2013-08-23 17:08:24 Warning: Warning (2): mysql_get_server_info() expects parameter 1 to be resource, boolean given in [/var/www/codigos/cakephp/cake/libs/model/datasources/dbo/dbo_mysql.php, line 575]
2013-08-23 17:08:24 Warning: Warning (2): mysql_query() expects parameter 2 to be resource, boolean given in [/var/www/codigos/cakephp/cake/libs/model/datasources/dbo/dbo_mysql.php, line 609]
2013-08-23 17:08:24 Warning: Warning (2): Cannot modify header information - headers already sent by (output started at /var/www/codigos/cakephp/cake/libs/debugger.php:673) in [/var/www/codigos/cakephp/cake/libs/controller/controller.php, line 742]
2013-08-23 17:45:03 Warning: Warning (2): mysql_connect() [http://php.net/function.mysql-connect]: Can't connect to MySQL server on 'festaonline.net' (4) in [/var/www/codigos/cakephp/cake/libs/model/datasources/dbo/dbo_mysql.php, line 561]
2013-08-23 17:45:03 Warning: Warning (2): mysql_select_db() expects parameter 2 to be resource, boolean given in [/var/www/codigos/cakephp/cake/libs/model/datasources/dbo/dbo_mysql.php, line 567]
2013-08-23 17:45:03 Warning: Warning (2): mysql_get_server_info() expects parameter 1 to be resource, boolean given in [/var/www/codigos/cakephp/cake/libs/model/datasources/dbo/dbo_mysql.php, line 575]
2013-08-23 17:45:03 Warning: Warning (2): mysql_query() expects parameter 2 to be resource, boolean given in [/var/www/codigos/cakephp/cake/libs/model/datasources/dbo/dbo_mysql.php, line 609]
2013-08-23 17:45:03 Warning: Warning (2): Cannot modify header information - headers already sent by (output started at /var/www/codigos/cakephp/cake/libs/debugger.php:673) in [/var/www/codigos/cakephp/cake/libs/controller/controller.php, line 742]
2013-08-23 18:57:53 Warning: Warning (2): mysql_connect() [http://php.net/function.mysql-connect]: Can't connect to MySQL server on 'festaonline.net' (4) in [/var/www/codigos/cakephp/cake/libs/model/datasources/dbo/dbo_mysql.php, line 561]
2013-08-23 18:57:53 Warning: Warning (2): mysql_select_db() expects parameter 2 to be resource, boolean given in [/var/www/codigos/cakephp/cake/libs/model/datasources/dbo/dbo_mysql.php, line 567]
2013-08-23 18:57:53 Warning: Warning (2): mysql_get_server_info() expects parameter 1 to be resource, boolean given in [/var/www/codigos/cakephp/cake/libs/model/datasources/dbo/dbo_mysql.php, line 575]
2013-08-23 18:57:53 Warning: Warning (2): mysql_query() expects parameter 2 to be resource, boolean given in [/var/www/codigos/cakephp/cake/libs/model/datasources/dbo/dbo_mysql.php, line 609]
2013-08-23 18:57:53 Warning: Warning (2): Cannot modify header information - headers already sent by (output started at /var/www/codigos/cakephp/cake/libs/debugger.php:673) in [/var/www/codigos/cakephp/cake/libs/controller/controller.php, line 742]
2013-08-23 18:59:32 Warning: Warning (2): mysql_connect() [http://php.net/function.mysql-connect]: Can't connect to MySQL server on 'festaonline.net' (4) in [/var/www/codigos/cakephp/cake/libs/model/datasources/dbo/dbo_mysql.php, line 561]
2013-08-23 18:59:32 Warning: Warning (2): mysql_select_db() expects parameter 2 to be resource, boolean given in [/var/www/codigos/cakephp/cake/libs/model/datasources/dbo/dbo_mysql.php, line 567]
2013-08-23 18:59:32 Warning: Warning (2): mysql_get_server_info() expects parameter 1 to be resource, boolean given in [/var/www/codigos/cakephp/cake/libs/model/datasources/dbo/dbo_mysql.php, line 575]
2013-08-23 18:59:32 Warning: Warning (2): mysql_query() expects parameter 2 to be resource, boolean given in [/var/www/codigos/cakephp/cake/libs/model/datasources/dbo/dbo_mysql.php, line 609]
2013-08-23 18:59:32 Warning: Warning (2): Cannot modify header information - headers already sent by (output started at /var/www/codigos/cakephp/cake/libs/debugger.php:673) in [/var/www/codigos/cakephp/cake/libs/controller/controller.php, line 742]
2013-08-23 20:00:50 Warning: Warning (2): mysql_connect() [http://php.net/function.mysql-connect]: Can't connect to MySQL server on 'festaonline.net' (4) in [/var/www/codigos/cakephp/cake/libs/model/datasources/dbo/dbo_mysql.php, line 561]
2013-08-23 20:00:50 Warning: Warning (2): mysql_select_db() expects parameter 2 to be resource, boolean given in [/var/www/codigos/cakephp/cake/libs/model/datasources/dbo/dbo_mysql.php, line 567]
2013-08-23 20:00:50 Warning: Warning (2): mysql_get_server_info() expects parameter 1 to be resource, boolean given in [/var/www/codigos/cakephp/cake/libs/model/datasources/dbo/dbo_mysql.php, line 575]
2013-08-23 20:00:50 Warning: Warning (2): mysql_query() expects parameter 2 to be resource, boolean given in [/var/www/codigos/cakephp/cake/libs/model/datasources/dbo/dbo_mysql.php, line 609]
2013-08-23 20:00:50 Warning: Warning (2): Cannot modify header information - headers already sent by (output started at /var/www/codigos/cakephp/cake/libs/debugger.php:673) in [/var/www/codigos/cakephp/cake/libs/controller/controller.php, line 742]
2013-08-23 20:10:50 Warning: Warning (2): mysql_connect() [http://php.net/function.mysql-connect]: Can't connect to MySQL server on 'festaonline.net' (4) in [/var/www/codigos/cakephp/cake/libs/model/datasources/dbo/dbo_mysql.php, line 561]
2013-08-23 20:10:50 Warning: Warning (2): mysql_select_db() expects parameter 2 to be resource, boolean given in [/var/www/codigos/cakephp/cake/libs/model/datasources/dbo/dbo_mysql.php, line 567]
2013-08-23 20:10:50 Warning: Warning (2): mysql_get_server_info() expects parameter 1 to be resource, boolean given in [/var/www/codigos/cakephp/cake/libs/model/datasources/dbo/dbo_mysql.php, line 575]
2013-08-23 20:10:50 Warning: Warning (2): mysql_query() expects parameter 2 to be resource, boolean given in [/var/www/codigos/cakephp/cake/libs/model/datasources/dbo/dbo_mysql.php, line 609]
2013-08-23 20:10:50 Warning: Warning (2): Cannot modify header information - headers already sent by (output started at /var/www/codigos/cakephp/cake/libs/debugger.php:673) in [/var/www/codigos/cakephp/cake/libs/controller/controller.php, line 742]
2013-08-26 11:23:51 Warning: Warning (2): mysql_connect() [http://php.net/function.mysql-connect]: Unknown MySQL server host 'nteos.fatcowmysql.com' (2) in [/var/www/codigos/cakephp/cake/libs/model/datasources/dbo/dbo_mysql.php, line 561]
2013-08-26 11:23:51 Warning: Warning (2): mysql_select_db() expects parameter 2 to be resource, boolean given in [/var/www/codigos/cakephp/cake/libs/model/datasources/dbo/dbo_mysql.php, line 567]
2013-08-26 11:23:51 Warning: Warning (2): mysql_get_server_info() expects parameter 1 to be resource, boolean given in [/var/www/codigos/cakephp/cake/libs/model/datasources/dbo/dbo_mysql.php, line 575]
2013-08-26 11:23:51 Warning: Warning (2): mysql_query() expects parameter 2 to be resource, boolean given in [/var/www/codigos/cakephp/cake/libs/model/datasources/dbo/dbo_mysql.php, line 609]
2013-08-26 11:23:51 Warning: Warning (2): Cannot modify header information - headers already sent by (output started at /var/www/codigos/cakephp/cake/libs/debugger.php:673) in [/var/www/codigos/cakephp/cake/libs/controller/controller.php, line 742]
2013-08-26 11:25:58 Warning: Warning (2): mysql_connect() [http://php.net/function.mysql-connect]: Unknown MySQL server host 'nteos.fatcowmysql.com' (2) in [/var/www/codigos/cakephp/cake/libs/model/datasources/dbo/dbo_mysql.php, line 561]
2013-08-26 11:25:58 Warning: Warning (2): mysql_select_db() expects parameter 2 to be resource, boolean given in [/var/www/codigos/cakephp/cake/libs/model/datasources/dbo/dbo_mysql.php, line 567]
2013-08-26 11:25:58 Warning: Warning (2): mysql_get_server_info() expects parameter 1 to be resource, boolean given in [/var/www/codigos/cakephp/cake/libs/model/datasources/dbo/dbo_mysql.php, line 575]
2013-08-26 11:25:58 Warning: Warning (2): mysql_query() expects parameter 2 to be resource, boolean given in [/var/www/codigos/cakephp/cake/libs/model/datasources/dbo/dbo_mysql.php, line 609]
2013-08-26 11:25:58 Warning: Warning (2): Cannot modify header information - headers already sent by (output started at /var/www/codigos/cakephp/cake/libs/debugger.php:673) in [/var/www/codigos/cakephp/cake/libs/controller/controller.php, line 742]
